2019-04-15 12:12:02<xml><ToUserName><![CDATA[gh_1cf5f3436c21]]></ToUserName>
<FromUserName><![CDATA[og1Jd1KlcDOxObfJuCnzCe5-CZ68]]></FromUserName>
<CreateTime>1554876371</CreateTime>
<MsgType><![CDATA[event]]></MsgType>
<Event><![CDATA[subscribe]]></Event>
<EventKey><![CDATA[]]></EventKey>
</xml>
2019-04-15 12:12:16<xml><ToUserName><![CDATA[gh_1cf5f3436c21]]></ToUserName>
<FromUserName><![CDATA[og1Jd1KlcDOxObfJuCnzCe5-CZ68]]></FromUserName>
<CreateTime>1554876371</CreateTime>
<MsgType><![CDATA[event]]></MsgType>
<Event><![CDATA[subscribe]]></Event>
<EventKey><![CDATA[]]></EventKey>
</xml>
2019-04-15 12:14:20<xml><ToUserName><![CDATA[gh_1cf5f3436c21]]></ToUserName>
<FromUserName><![CDATA[og1Jd1KlcDOxObfJuCnzCe5-CZ68]]></FromUserName>
<CreateTime>1554876371</CreateTime>
<MsgType><![CDATA[event]]></MsgType>
<Event><![CDATA[subscribe]]></Event>
<EventKey><![CDATA[]]></EventKey>
</xml>
2019-04-15 12:14:53<xml><ToUserName><![CDATA[gh_1cf5f3436c21]]></ToUserName>
<FromUserName><![CDATA[og1Jd1KlcDOxObfJuCnzCe5-CZ68]]></FromUserName>
<CreateTime>1554876371</CreateTime>
<MsgType><![CDATA[event]]></MsgType>
<Event><![CDATA[subscribe]]></Event>
<EventKey><![CDATA[]]></EventKey>
</xml>
2019-04-15 12:17:12<xml><ToUserName><![CDATA[gh_1cf5f3436c21]]></ToUserName>
<FromUserName><![CDATA[og1Jd1KlcDOxObfJuCnzCe5-CZ68]]></FromUserName>
<CreateTime>1554876371</CreateTime>
<MsgType><![CDATA[event]]></MsgType>
<Event><![CDATA[subscribe]]></Event>
<EventKey><![CDATA[]]></EventKey>
</xml>
2019-04-15 12:18:30<xml><ToUserName><![CDATA[gh_1cf5f3436c21]]></ToUserName>
<FromUserName><![CDATA[og1Jd1KlcDOxObfJuCnzCe5-CZ68]]></FromUserName>
<CreateTime>1554876371</CreateTime>
<MsgType><![CDATA[event]]></MsgType>
<Event><![CDATA[subscribe]]></Event>
<EventKey><![CDATA[]]></EventKey>
</xml>
2019-04-15 12:18:47<xml><ToUserName><![CDATA[gh_1cf5f3436c21]]></ToUserName>
<FromUserName><![CDATA[og1Jd1KlcDOxObfJuCnzCe5-CZ68]]></FromUserName>
<CreateTime>1554876371</CreateTime>
<MsgType><![CDATA[event]]></MsgType>
<Event><![CDATA[subscribe]]></Event>
<EventKey><![CDATA[]]></EventKey>
</xml>
2019-04-15 12:19:10<xml><ToUserName><![CDATA[gh_1cf5f3436c21]]></ToUserName>
<FromUserName><![CDATA[og1Jd1KlcDOxObfJuCnzCe5-CZ68]]></FromUserName>
<CreateTime>1554876371</CreateTime>
<MsgType><![CDATA[event]]></MsgType>
<Event><![CDATA[subscribe]]></Event>
<EventKey><![CDATA[]]></EventKey>
</xml>
2019-04-15 12:20:41<xml><ToUserName><![CDATA[gh_1cf5f3436c21]]></ToUserName>
<FromUserName><![CDATA[og1Jd1KlcDOxObfJuCnzCe5-CZ68]]></FromUserName>
<CreateTime>1554876371</CreateTime>
<MsgType><![CDATA[event]]></MsgType>
<Event><![CDATA[subscribe]]></Event>
<EventKey><![CDATA[]]></EventKey>
</xml>
2019-04-15 12:20:59<xml><ToUserName><![CDATA[gh_1cf5f3436c21]]></ToUserName>
<FromUserName><![CDATA[og1Jd1KlcDOxObfJuCnzCe5-CZ68]]></FromUserName>
<CreateTime>1554876371</CreateTime>
<MsgType><![CDATA[event]]></MsgType>
<Event><![CDATA[subscribe]]></Event>
<EventKey><![CDATA[]]></EventKey>
</xml>
2019-04-15 12:24:25<xml><ToUserName><![CDATA[gh_1cf5f3436c21]]></ToUserName>
<FromUserName><![CDATA[og1Jd1KlcDOxObfJuCnzCe5-CZ68]]></FromUserName>
<CreateTime>1554876371</CreateTime>
<MsgType><![CDATA[event]]></MsgType>
<Event><![CDATA[subscribe]]></Event>
<EventKey><![CDATA[]]></EventKey>
</xml>
2019-04-15 12:25:29<xml><ToUserName><![CDATA[gh_1cf5f3436c21]]></ToUserName>
<FromUserName><![CDATA[og1Jd1KlcDOxObfJuCnzCe5-CZ68]]></FromUserName>
<CreateTime>1554876371</CreateTime>
<MsgType><![CDATA[event]]></MsgType>
<Event><![CDATA[subscribe]]></Event>
<EventKey><![CDATA[]]></EventKey>
</xml>
2019-04-15 12:25:56<xml><ToUserName><![CDATA[gh_1cf5f3436c21]]></ToUserName>
<FromUserName><![CDATA[og1Jd1KlcDOxObfJuCnzCe5-CZ68]]></FromUserName>
<CreateTime>1554876371</CreateTime>
<MsgType><![CDATA[event]]></MsgType>
<Event><![CDATA[subscribe]]></Event>
<EventKey><![CDATA[]]></EventKey>
</xml>
2019-04-15 12:26:45<xml><ToUserName><![CDATA[gh_1cf5f3436c21]]></ToUserName>
<FromUserName><![CDATA[og1Jd1KlcDOxObfJuCnzCe5-CZ68]]></FromUserName>
<CreateTime>1554876371</CreateTime>
<MsgType><![CDATA[event]]></MsgType>
<Event><![CDATA[subscribe]]></Event>
<EventKey><![CDATA[]]></EventKey>
</xml>
2019-04-15 12:27:30<xml><ToUserName><![CDATA[gh_1cf5f3436c21]]></ToUserName>
<FromUserName><![CDATA[og1Jd1KlcDOxObfJuCnzCe5-CZ68]]></FromUserName>
<CreateTime>1554876371</CreateTime>
<MsgType><![CDATA[event]]></MsgType>
<Event><![CDATA[subscribe]]></Event>
<EventKey><![CDATA[]]></EventKey>
</xml>
2019-04-15 12:28:03<xml><ToUserName><![CDATA[gh_1cf5f3436c21]]></ToUserName>
<FromUserName><![CDATA[og1Jd1KlcDOxObfJuCnzCe5-CZ68]]></FromUserName>
<CreateTime>1554876371</CreateTime>
<MsgType><![CDATA[event]]></MsgType>
<Event><![CDATA[subscribe]]></Event>
<EventKey><![CDATA[]]></EventKey>
</xml>
2019-04-15 12:28:27<xml><ToUserName><![CDATA[gh_1cf5f3436c21]]></ToUserName>
<FromUserName><![CDATA[og1Jd1KlcDOxObfJuCnzCe5-CZ68]]></FromUserName>
<CreateTime>1554876371</CreateTime>
<MsgType><![CDATA[event]]></MsgType>
<Event><![CDATA[subscribe]]></Event>
<EventKey><![CDATA[]]></EventKey>
</xml>
2019-04-15 12:28:45<xml><ToUserName><![CDATA[gh_1cf5f3436c21]]></ToUserName>
<FromUserName><![CDATA[og1Jd1KlcDOxObfJuCnzCe5-CZ68]]></FromUserName>
<CreateTime>1554876371</CreateTime>
<MsgType><![CDATA[event]]></MsgType>
<Event><![CDATA[subscribe]]></Event>
<EventKey><![CDATA[]]></EventKey>
</xml>


2019-04-16 02:55:17<xml><ToUserName><![CDATA[gh_6a4f70b5eed6]]></ToUserName>
<FromUserName><![CDATA[od-A-1FwnuCU3XUp3HU6wtIuDw48]]></FromUserName>
<CreateTime>1555383209</CreateTime>
<MsgType><![CDATA[event]]></MsgType>
<Event><![CDATA[subscribe]]></Event>
<EventKey><![CDATA[]]></EventKey>
</xml>
2019-04-16 02:57:04<xml><ToUserName><![CDATA[gh_6a4f70b5eed6]]></ToUserName>
<FromUserName><![CDATA[od-A-1FwnuCU3XUp3HU6wtIuDw48]]></FromUserName>
<CreateTime>1555383209</CreateTime>
<MsgType><![CDATA[event]]></MsgType>
<Event><![CDATA[subscribe]]></Event>
<EventKey><![CDATA[]]></EventKey>
</xml>
2019-04-16 03:05:24<xml><ToUserName><![CDATA[gh_6a4f70b5eed6]]></ToUserName>
<FromUserName><![CDATA[od-A-1FwnuCU3XUp3HU6wtIuDw48]]></FromUserName>
<CreateTime>1555383209</CreateTime>
<MsgType><![CDATA[event]]></MsgType>
<Event><![CDATA[subscribe]]></Event>
<EventKey><![CDATA[]]></EventKey>
</xml>
2019-04-16 03:09:30<xml><ToUserName><![CDATA[gh_6a4f70b5eed6]]></ToUserName>
<FromUserName><![CDATA[od-A-1FwnuCU3XUp3HU6wtIuDw48]]></FromUserName>
<CreateTime>1555383209</CreateTime>
<MsgType><![CDATA[event]]></MsgType>
<Event><![CDATA[subscribe]]></Event>
<EventKey><![CDATA[]]></EventKey>
</xml>
2019-04-16 03:15:51<xml><ToUserName><![CDATA[gh_6a4f70b5eed6]]></ToUserName>
<FromUserName><![CDATA[od-A-1FwnuCU3XUp3HU6wtIuDw48]]></FromUserName>
<CreateTime>1555384244</CreateTime>
<MsgType><![CDATA[event]]></MsgType>
<Event><![CDATA[subscribe]]></Event>
<EventKey><![CDATA[]]></EventKey>
</xml>
2019-04-16 03:16:16<xml><ToUserName><![CDATA[gh_6a4f70b5eed6]]></ToUserName>
<FromUserName><![CDATA[od-A-1FwnuCU3XUp3HU6wtIuDw48]]></FromUserName>
<CreateTime>1555384244</CreateTime>
<MsgType><![CDATA[event]]></MsgType>
<Event><![CDATA[subscribe]]></Event>
<EventKey><![CDATA[]]></EventKey>
</xml>
2019-04-16 03:19:01<xml><ToUserName><![CDATA[gh_6a4f70b5eed6]]></ToUserName>
<FromUserName><![CDATA[od-A-1FwnuCU3XUp3HU6wtIuDw48]]></FromUserName>
<CreateTime>1555384244</CreateTime>
<MsgType><![CDATA[event]]></MsgType>
<Event><![CDATA[subscribe]]></Event>
<EventKey><![CDATA[]]></EventKey>
</xml>
2019-04-16 03:19:50<xml><ToUserName><![CDATA[gh_6a4f70b5eed6]]></ToUserName>
<FromUserName><![CDATA[od-A-1FwnuCU3XUp3HU6wtIuDw48]]></FromUserName>
<CreateTime>1555384244</CreateTime>
<MsgType><![CDATA[event]]></MsgType>
<Event><![CDATA[subscribe]]></Event>
<EventKey><![CDATA[]]></EventKey>
</xml>
2019-04-16 03:22:05<xml><ToUserName><![CDATA[gh_6a4f70b5eed6]]></ToUserName>
<FromUserName><![CDATA[od-A-1FwnuCU3XUp3HU6wtIuDw48]]></FromUserName>
<CreateTime>1555384244</CreateTime>
<MsgType><![CDATA[event]]></MsgType>
<Event><![CDATA[subscribe]]></Event>
<EventKey><![CDATA[]]></EventKey>
</xml>
2019-04-16 03:22:34<xml><ToUserName><![CDATA[gh_6a4f70b5eed6]]></ToUserName>
<FromUserName><![CDATA[od-A-1FwnuCU3XUp3HU6wtIuDw48]]></FromUserName>
<CreateTime>1555384244</CreateTime>
<MsgType><![CDATA[event]]></MsgType>
<Event><![CDATA[subscribe]]></Event>
<EventKey><![CDATA[]]></EventKey>
</xml>
2019-04-16 06:22:36<xml><ToUserName><![CDATA[gh_6a4f70b5eed6]]></ToUserName>
<FromUserName><![CDATA[od-A-1FwnuCU3XUp3HU6wtIuDw48]]></FromUserName>
<CreateTime>1555384244</CreateTime>
<MsgType><![CDATA[event]]></MsgType>
<Event><![CDATA[subscribe]]></Event>
<EventKey><![CDATA[]]></EventKey>
</xml>
2019-04-16 06:31:01<xml><ToUserName><![CDATA[gh_6a4f70b5eed6]]></ToUserName>
<FromUserName><![CDATA[od-A-1FwnuCU3XUp3HU6wtIuDw48]]></FromUserName>
<CreateTime>1555396243</CreateTime>
<MsgType><![CDATA[text]]></MsgType>
<Content><![CDATA[北京+天气]]></Content>
<MsgId>22267922250759760</MsgId>
</xml>

2019-04-16 06:42:29<xml><ToUserName><![CDATA[gh_6a4f70b5eed6]]></ToUserName>
<FromUserName><![CDATA[od-A-1FwnuCU3XUp3HU6wtIuDw48]]></FromUserName>
<CreateTime>1555396243</CreateTime>
<MsgType><![CDATA[text]]></MsgType>
<Content><![CDATA[北京+天气]]></Content>
<MsgId>22267922250759760</MsgId>
</xml>

2019-04-16 06:43:25<xml><ToUserName><![CDATA[gh_6a4f70b5eed6]]></ToUserName>
<FromUserName><![CDATA[od-A-1FwnuCU3XUp3HU6wtIuDw48]]></FromUserName>
<CreateTime>1555396243</CreateTime>
<MsgType><![CDATA[text]]></MsgType>
<Content><![CDATA[北京+天气]]></Content>
<MsgId>22267922250759760</MsgId>
</xml>

2019-04-16 06:53:21<xml><ToUserName><![CDATA[gh_6a4f70b5eed6]]></ToUserName>
<FromUserName><![CDATA[od-A-1FwnuCU3XUp3HU6wtIuDw48]]></FromUserName>
<CreateTime>1555396243</CreateTime>
<MsgType><![CDATA[text]]></MsgType>
<Content><![CDATA[北京+天气]]></Content>
<MsgId>22267922250759760</MsgId>
</xml>

2019-04-16 06:53:42<xml><ToUserName><![CDATA[gh_6a4f70b5eed6]]></ToUserName>
<FromUserName><![CDATA[od-A-1FwnuCU3XUp3HU6wtIuDw48]]></FromUserName>
<CreateTime>1555396243</CreateTime>
<MsgType><![CDATA[text]]></MsgType>
<Content><![CDATA[北京+天气]]></Content>
<MsgId>22267922250759760</MsgId>
</xml>

2019-04-16 07:35:41<xml><ToUserName><![CDATA[gh_6a4f70b5eed6]]></ToUserName>
<FromUserName><![CDATA[od-A-1FwnuCU3XUp3HU6wtIuDw48]]></FromUserName>
<CreateTime>1555396243</CreateTime>
<MsgType><![CDATA[text]]></MsgType>
<Content><![CDATA[北京+天气]]></Content>
<MsgId>22267922250759760</MsgId>
</xml>

2019-04-16 07:36:36
<xml><ToUserName><![CDATA[gh_1cf5f3436c21]]></ToUserName>
<FromUserName><![CDATA[og1Jd1KlcDOxObfJuCnzCe5-CZ68]]></FromUserName>
<CreateTime>1554876371</CreateTime>
<MsgType><![CDATA[event]]></MsgType>
<Event><![CDATA[subscribe]]></Event>
<EventKey><![CDATA[]]></EventKey>
</xml>
2019-04-16 07:37:58
<xml><ToUserName><![CDATA[gh_1cf5f3436c21]]></ToUserName>
<FromUserName><![CDATA[og1Jd1KlcDOxObfJuCnzCe5-CZ68]]></FromUserName>
<CreateTime>1554876371</CreateTime>
<MsgType><![CDATA[event]]></MsgType>
<Event><![CDATA[subscribe]]></Event>
<EventKey><![CDATA[]]></EventKey>
</xml>
2019-04-16 07:39:42
<xml><ToUserName><![CDATA[gh_1cf5f3436c21]]></ToUserName>
<FromUserName><![CDATA[od-A-1FwnuCU3XUp3HU6wtIuDw48]]></FromUserName>
<CreateTime>1554876371</CreateTime>
<MsgType><![CDATA[event]]></MsgType>
<Event><![CDATA[subscribe]]></Event>
<EventKey><![CDATA[]]></EventKey>
</xml>
